# JRE version: OpenJDK Runtime Environment (8.0_152-b06) (build 1.8.0_152-release-1136-b06)
# Java VM: OpenJDK 64-Bit Server VM (25.152-b06 mixed mode windows-amd64 compressed oops)
Heap:
 PSYoungGen      total 157184K, used 130048K [0x00000000e0000000, 0x00000000ede80000, 0x0000000100000000)
  eden space 130048K, 100% used [0x00000000e0000000,0x00000000e7f00000,0x00000000e7f00000)
  from space 27136K, 0% used [0x00000000ea380000,0x00000000ea380000,0x00000000ebe00000)
  to   space 37376K, 0% used [0x00000000e7f00000,0x00000000e7f00000,0x00000000ea380000)
 ParOldGen       total 82432K, used 82119K [0x00000000a0000000, 0x00000000a5080000, 0x00000000e0000000)
  object space 82432K, 99% used [0x00000000a0000000,0x00000000a5031e20,0x00000000a5080000)
 Metaspace       used 77426K, capacity 80604K, committed 80896K, reserved 1120256K
  class space    used 9634K, capacity 10363K, committed 10496K, reserved 1048576K
GC Heap History (10 events):
Event: 1176.898 GC heap after
Heap after GC invocations=33 (full 3):
 PSYoungGen      total 157184K, used 27117K [0x00000000e0000000, 0x00000000ede80000, 0x0000000100000000)
  eden space 130048K, 0% used [0x00000000e0000000,0x00000000e0000000,0x00000000e7f00000)
  from space 27136K, 99% used [0x00000000ea380000,0x00000000ebdfb7b0,0x00000000ebe00000)
  to   space 37376K, 0% used [0x00000000e7f00000,0x00000000e7f00000,0x00000000ea380000)
 ParOldGen       total 82432K, used 74879K [0x00000000a0000000, 0x00000000a5080000, 0x00000000e0000000)
  object space 82432K, 90% used [0x00000000a0000000,0x00000000a491fd90,0x00000000a5080000)
 Metaspace       used 77368K, capacity 80720K, committed 80896K, reserved 1120256K
  class space    used 9658K, capacity 10393K, committed 10496K, reserved 1048576K
}
Event: 1176.911 GC heap before
{Heap before GC invocations=34 (full 4):
 PSYoungGen      total 157184K, used 27117K [0x00000000e0000000, 0x00000000ede80000, 0x0000000100000000)
  eden space 130048K, 0% used [0x00000000e0000000,0x00000000e0000000,0x00000000e7f00000)
  from space 27136K, 99% used [0x00000000ea380000,0x00000000ebdfb7b0,0x00000000ebe00000)
  to   space 37376K, 0% used [0x00000000e7f00000,0x00000000e7f00000,0x00000000ea380000)
 ParOldGen       total 82432K, used 74879K [0x00000000a0000000, 0x00000000a5080000, 0x00000000e0000000)
  object space 82432K, 90% used [0x00000000a0000000,0x00000000a491fd90,0x00000000a5080000)
 Metaspace       used 77368K, capacity 80720K, committed 80896K, reserved 1120256K
  class space    used 9658K, capacity 10393K, committed 10496K, reserved 1048576K
Event: 1178.961 GC heap after
Heap after GC invocations=34 (full 4):
 PSYoungGen      total 157184K, used 0K [0x00000000e0000000, 0x00000000ede80000, 0x0000000100000000)
  eden space 130048K, 0% used [0x00000000e0000000,0x00000000e0000000,0x00000000e7f00000)
  from space 27136K, 0% used [0x00000000ea380000,0x00000000ea380000,0x00000000ebe00000)
  to   space 37376K, 0% used [0x00000000e7f00000,0x00000000e7f00000,0x00000000ea380000)
 ParOldGen       total 82432K, used 73853K [0x00000000a0000000, 0x00000000a5080000, 0x00000000e0000000)
  object space 82432K, 89% used [0x00000000a0000000,0x00000000a481f4c0,0x00000000a5080000)
 Metaspace       used 77283K, capacity 80508K, committed 80896K, reserved 1120256K
  class space    used 9632K, capacity 10331K, committed 10496K, reserved 1048576K
}
Event: 1180.746 GC heap before
{Heap before GC invocations=35 (full 5):
 PSYoungGen      total 157184K, used 130048K [0x00000000e0000000, 0x00000000ede80000, 0x0000000100000000)
  eden space 130048K, 100% used [0x00000000e0000000,0x00000000e7f00000,0x00000000e7f00000)
  from space 27136K, 0% used [0x00000000ea380000,0x00000000ea380000,0x00000000ebe00000)
  to   space 37376K, 0% used [0x00000000e7f00000,0x00000000e7f00000,0x00000000ea380000)
 ParOldGen       total 82432K, used 73853K [0x00000000a0000000, 0x00000000a5080000, 0x00000000e0000000)
  object space 82432K, 89% used [0x00000000a0000000,0x00000000a481f4c0,0x00000000a5080000)
 Metaspace       used 77363K, capacity 80604K, committed 80896K, reserved 1120256K
  class space    used 9633K, capacity 10363K, committed 10496K, reserved 1048576K
Event: 1182.463 GC heap after
Heap after GC invocations=35 (full 5):
 PSYoungGen      total 157184K, used 6987K [0x00000000e0000000, 0x00000000ede80000, 0x0000000100000000)
  eden space 130048K, 5% used [0x00000000e0000000,0x00000000e06d2d88,0x00000000e7f00000)
  from space 27136K, 0% used [0x00000000ea380000,0x00000000ea380000,0x00000000ebe00000)
  to   space 37376K, 0% used [0x00000000e7f00000,0x00000000e7f00000,0x00000000ea380000)
 ParOldGen       total 82432K, used 82396K [0x00000000a0000000, 0x00000000a5080000, 0x00000000e0000000)
  object space 82432K, 99% used [0x00000000a0000000,0x00000000a50771f8,0x00000000a5080000)
 Metaspace       used 77363K, capacity 80604K, committed 80896K, reserved 1120256K
  class space    used 9633K, capacity 10363K, committed 10496K, reserved 1048576K
}
Event: 1184.192 GC heap before
{Heap before GC invocations=36 (full 6):
 PSYoungGen      total 157184K, used 130048K [0x00000000e0000000, 0x00000000ede80000, 0x0000000100000000)
  eden space 130048K, 100% used [0x00000000e0000000,0x00000000e7f00000,0x00000000e7f00000)
  from space 27136K, 0% used [0x00000000ea380000,0x00000000ea380000,0x00000000ebe00000)
  to   space 37376K, 0% used [0x00000000e7f00000,0x00000000e7f00000,0x00000000ea380000)
 ParOldGen       total 82432K, used 82396K [0x00000000a0000000, 0x00000000a5080000, 0x00000000e0000000)
  object space 82432K, 99% used [0x00000000a0000000,0x00000000a50771f8,0x00000000a5080000)
 Metaspace       used 77380K, capacity 80604K, committed 80896K, reserved 1120256K
  class space    used 9633K, capacity 10363K, committed 10496K, reserved 1048576K
Event: 1185.485 GC heap after
Heap after GC invocations=36 (full 6):
 PSYoungGen      total 157184K, used 20182K [0x00000000e0000000, 0x00000000ede80000, 0x0000000100000000)
  eden space 130048K, 15% used [0x00000000e0000000,0x00000000e13b5a88,0x00000000e7f00000)
  from space 27136K, 0% used [0x00000000ea380000,0x00000000ea380000,0x00000000ebe00000)
  to   space 37376K, 0% used [0x00000000e7f00000,0x00000000e7f00000,0x00000000ea380000)
 ParOldGen       total 82432K, used 82377K [0x00000000a0000000, 0x00000000a5080000, 0x00000000e0000000)
  object space 82432K, 99% used [0x00000000a0000000,0x00000000a50727e8,0x00000000a5080000)
 Metaspace       used 77380K, capacity 80604K, committed 80896K, reserved 1120256K
  class space    used 9633K, capacity 10363K, committed 10496K, reserved 1048576K
}
Event: 1187.339 GC heap before
{Heap before GC invocations=37 (full 7):
 PSYoungGen      total 157184K, used 130048K [0x00000000e0000000, 0x00000000ede80000, 0x0000000100000000)
  eden space 130048K, 100% used [0x00000000e0000000,0x00000000e7f00000,0x00000000e7f00000)
  from space 27136K, 0% used [0x00000000ea380000,0x00000000ea380000,0x00000000ebe00000)
  to   space 37376K, 0% used [0x00000000e7f00000,0x00000000e7f00000,0x00000000ea380000)
 ParOldGen       total 82432K, used 82377K [0x00000000a0000000, 0x00000000a5080000, 0x00000000e0000000)
  object space 82432K, 99% used [0x00000000a0000000,0x00000000a50727e8,0x00000000a5080000)
 Metaspace       used 77402K, capacity 80604K, committed 80896K, reserved 1120256K
  class space    used 9633K, capacity 10363K, committed 10496K, reserved 1048576K
Event: 1188.455 GC heap after
Heap after GC invocations=37 (full 7):
 PSYoungGen      total 157184K, used 34424K [0x00000000e0000000, 0x00000000ede80000, 0x0000000100000000)
  eden space 130048K, 26% used [0x00000000e0000000,0x00000000e219e110,0x00000000e7f00000)
  from space 27136K, 0% used [0x00000000ea380000,0x00000000ea380000,0x00000000ebe00000)
  to   space 37376K, 0% used [0x00000000e7f00000,0x00000000e7f00000,0x00000000ea380000)
 ParOldGen       total 82432K, used 82119K [0x00000000a0000000, 0x00000000a5080000, 0x00000000e0000000)
  object space 82432K, 99% used [0x00000000a0000000,0x00000000a5031e20,0x00000000a5080000)
 Metaspace       used 77402K, capacity 80604K, committed 80896K, reserved 1120256K
  class space    used 9633K, capacity 10363K, committed 10496K, reserved 1048576K
}
Event: 1189.539 GC heap before
{Heap before GC invocations=38 (full 8):
 PSYoungGen      total 157184K, used 130048K [0x00000000e0000000, 0x00000000ede80000, 0x0000000100000000)
  eden space 130048K, 100% used [0x00000000e0000000,0x00000000e7f00000,0x00000000e7f00000)
  from space 27136K, 0% used [0x00000000ea380000,0x00000000ea380000,0x00000000ebe00000)
  to   space 37376K, 0% used [0x00000000e7f00000,0x00000000e7f00000,0x00000000ea380000)
 ParOldGen       total 82432K, used 82119K [0x00000000a0000000, 0x00000000a5080000, 0x00000000e0000000)
  object space 82432K, 99% used [0x00000000a0000000,0x00000000a5031e20,0x00000000a5080000)
 Metaspace       used 77426K, capacity 80604K, committed 80896K, reserved 1120256K
  class space    used 9634K, capacity 10363K, committed 10496K, reserved 1048576K

